<?xml version="1.0" encoding="UTF-8"?>
<testng-results ignored="0" total="1" passed="1" failed="0" skipped="0">
  <reporter-output>
  </reporter-output>
  <suite started-at="2025-09-04T15:18:50 IST" name="Surefire suite" finished-at="2025-09-04T15:19:47 IST" duration-ms="57724">
    <groups>
    </groups>
    <test started-at="2025-09-04T15:18:50 IST" name="Surefire test" finished-at="2025-09-04T15:19:47 IST" duration-ms="57724">
      <class name="com.selfhealing.tests.LoginTest">
        <test-method is-config="true" signature="setUp()[pri:0, instance:com.selfhealing.tests.LoginTest@611f8234]" started-at="2025-09-04T15:18:50 IST" name="setUp" finished-at="2025-09-04T15:19:45 IST" duration-ms="55216" status="PASS">
          <reporter-output>
          </reporter-output>
        </test-method> <!-- setUp -->
        <test-method signature="testLogin()[pri:0, instance:com.selfhealing.tests.LoginTest@611f8234]" started-at="2025-09-04T15:19:45 IST" name="testLogin" description="Verify user can login successfully" finished-at="2025-09-04T15:19:47 IST" duration-ms="1999" status="PASS">
          <reporter-output>
          </reporter-output>
        </test-method> <!-- testLogin -->
        <test-method is-config="true" signature="tearDown(org.testng.ITestResult)[pri:0, instance:com.selfhealing.tests.LoginTest@611f8234]" started-at="2025-09-04T15:19:47 IST" name="tearDown" finished-at="2025-09-04T15:19:47 IST" duration-ms="404" status="PASS">
          <params>
            <param index="0">
              <value>
                <![CDATA[[TestResult name=testLogin status=SUCCESS method=LoginTest.testLogin()[pri:0, instance:com.selfhealing.tests.LoginTest@611f8234] output={null}]]]>
              </value>
            </param>
          </params>
          <reporter-output>
          </reporter-output>
        </test-method> <!-- tearDown -->
      </class> <!-- com.selfhealing.tests.LoginTest -->
    </test> <!-- Surefire test -->
  </suite> <!-- Surefire suite -->
</testng-results>
