<?xml version="1.0" encoding="UTF-8"?>
<testsuite xmlns:xsi="http://www.w3.org/2001/XMLSchema-instance" xsi:noNamespaceSchemaLocation="https://maven.apache.org/surefire/maven-surefire-plugin/xsd/surefire-test-report-3.0.xsd" version="3.0" name="TestSuite" time="58.564" tests="1" errors="0" skipped="0" failures="0">
  <properties>
[...]
</properties>
  <testcase name="testLogin" classname="com.selfhealing.tests.LoginTest" time="2.012">
    <system-out><![CDATA[[15:18:50] [main] INFO  com.selfhealing - Initializing WebDriver...
[15:18:50] [main] INFO  com.selfhealing - Initializing driver. Browser=chrome, Remote=false, Headless=false
[15:19:34] [main] INFO  com.selfhealing - Driver initialized successfully.
[15:19:45] [main] INFO  com.selfhealing - Navigated to URL: https://the-internet.herokuapp.com/login
[15:19:45] [main] INFO  com.selfhealing - Typing username...
[WARN] Locator failed: By.id: wrong-id
[INFO] Found element with locator: By.id: username
[15:19:45] [main] INFO  com.selfhealing - Typing password...
[INFO] Found element with locator: By.id: password
[15:19:46] [main] INFO  com.selfhealing - Clicking login button...
[WARN] Locator failed: By.id: loginBtn
[INFO] Found element with locator: By.cssSelector: button[type='submit']
[INFO] Login message: You logged into a secure area!
×
]]></system-out>
    <system-err><![CDATA[Sep 04, 2025 3:19:34 PM org.openqa.selenium.devtools.CdpVersionFinder findNearestMatch
WARNING: Unable to find CDP implementation matching 139
Sep 04, 2025 3:19:34 PM org.openqa.selenium.chromium.ChromiumDriver lambda$new$5
WARNING: Unable to find version of CDP to use for 139.0.7258.155. You may need to include a dependency on a specific version of the CDP using something similar to `org.seleniumhq.selenium:selenium-devtools-v86:4.23.0` where the version ("v86") matches the version of the chromium-based browser you're using and the version number of the artifact is the same as Selenium's.
]]></system-err>
  </testcase>
</testsuite>